2025-10-02 17:33:50.969 [info] [main] Log level: Info
2025-10-02 17:33:50.969 [info] [main] Validating found git in: "git"
2025-10-02 17:33:50.984 [info] [main] Using git "2.51.0" from "git"
2025-10-02 17:33:50.984 [info] [Model][doInitialScan] Initial repository scan started
2025-10-02 17:33:50.984 [info] [Model][doInitialScan] Initial repository scan completed - repositories (0), closed repositories (0), parent repositories (0), unsafe repositories (0)
2025-10-02 17:34:05.203 [info] > git rev-parse --show-toplevel [9ms]
2025-10-02 17:34:05.203 [info] fatal: not a git repository (or any of the parent directories): .git
2025-10-02 18:04:34.982 [info] > git rev-parse --show-toplevel [1ms]
2025-10-02 18:04:34.982 [info] fatal: not a git repository (or any of the parent directories): .git
2025-10-02 18:05:49.663 [info] > git rev-parse --show-toplevel [1ms]
2025-10-02 18:05:49.663 [info] fatal: not a git repository (or any of the parent directories): .git
2025-10-02 18:05:52.508 [info] > git rev-parse --show-toplevel [0ms]
2025-10-02 18:05:52.508 [info] fatal: not a git repository (or any of the parent directories): .git
2025-10-02 18:06:01.419 [info] > git rev-parse --show-toplevel [1ms]
2025-10-02 18:06:01.419 [info] fatal: not a git repository (or any of the parent directories): .git
2025-10-02 18:06:10.441 [info] > git rev-parse --show-toplevel [1ms]
2025-10-02 18:06:10.441 [info] fatal: not a git repository (or any of the parent directories): .git
2025-10-02 18:06:36.894 [info] > git rev-parse --show-toplevel [0ms]
2025-10-02 18:06:36.894 [info] fatal: not a git repository (or any of the parent directories): .git
2025-10-02 18:06:42.664 [info] > git rev-parse --show-toplevel [0ms]
2025-10-02 18:06:42.664 [info] fatal: not a git repository (or any of the parent directories): .git
2025-10-02 18:13:26.012 [info] > git rev-parse --show-toplevel [1ms]
2025-10-02 18:13:26.012 [info] fatal: not a git repository (or any of the parent directories): .git
2025-10-02 18:22:21.815 [info] > git rev-parse --show-toplevel [1ms]
2025-10-02 18:22:21.815 [info] fatal: not a git repository (or any of the parent directories): .git
2025-10-02 18:22:23.958 [info] > git rev-parse --show-toplevel [1ms]
2025-10-02 18:22:23.958 [info] fatal: not a git repository (or any of the parent directories): .git
2025-10-02 18:28:37.552 [info] > git rev-parse --show-toplevel [3ms]
2025-10-02 18:28:37.552 [info] fatal: not a git repository (or any of the parent directories): .git
2025-10-02 18:28:38.442 [info] > git rev-parse --show-toplevel [1ms]
2025-10-02 18:28:38.442 [info] fatal: not a git repository (or any of the parent directories): .git
2025-10-02 18:30:50.345 [info] > git rev-parse --show-toplevel [2ms]
2025-10-02 18:30:50.345 [info] fatal: not a git repository (or any of the parent directories): .git
